<?xml version="1.0" encoding="UTF-8"?>
<!-- Generated by org.testng.reporters.JUnitReportReporter -->
<testsuite hostname="ndi-mb-152" failures="0" tests="3" name="tests.Test1" time="22.363" errors="0" timestamp="2024-02-14T23:01:24 IST" skipped="0">
  <testcase classname="tests.Test1" name="firstest" time="8.904"/>
  <system-out/>
  <testcase classname="tests.Test1" name="firstest" time="7.364"/>
  <system-out/>
  <testcase classname="tests.Test1" name="firstest" time="6.095"/>
  <system-out/>
</testsuite> <!-- tests.Test1 -->
