<?xml version="1.0" encoding="UTF-8"?>
<!-- Generated by org.testng.reporters.JUnitReportReporter -->
<testsuite hostname="ndi-mb-152" failures="0" tests="1" name="tests.SeleniumTest" time="9.304" errors="0" timestamp="2024-02-14T11:42:23 IST" skipped="0">
  <testcase classname="tests.SeleniumTest" name="firstest" time="9.304"/>
  <system-out/>
</testsuite> <!-- tests.SeleniumTest -->
